<?xml version="1.0" encoding="UTF-8"?>
<!-- Generated by org.testng.reporters.JUnitReportReporter -->
<testsuite hostname="Shamanth" failures="0" tests="1" name="masudeokarwork.SeleniumFrameworkDesign.ErrorValidation" time="19.021" errors="0" timestamp="2024-01-17T21:04:07 IST" skipped="0">
  <testcase classname="masudeokarwork.SeleniumFrameworkDesign.ErrorValidation" name="SubmitOrder" time="19.021"/>
</testsuite> <!-- masudeokarwork.SeleniumFrameworkDesign.ErrorValidation -->
