<?xml version="1.0" encoding="UTF-8"?>
<!-- Generated by org.testng.reporters.JUnitReportReporter -->
<testsuite hostname="Shamanth" failures="0" tests="1" name="masudeokarwork.SeleniumFrameworkDesign.ErrorValidation" time="3.928" errors="0" timestamp="2024-01-22T11:22:35 IST" skipped="0">
  <testcase classname="masudeokarwork.SeleniumFrameworkDesign.ErrorValidation" name="SubmitOrder" time="3.928"/>
  <system-out/>
</testsuite> <!-- masudeokarwork.SeleniumFrameworkDesign.ErrorValidation -->
