<?xml version="1.0" encoding="UTF-8"?>
<!-- Generated by org.testng.reporters.JUnitReportReporter -->
<testsuite hostname="Shamanth" failures="0" tests="1" name="cucumber.TestNGTestRunner" time="20.733" errors="0" timestamp="2024-01-25T17:31:22 IST" skipped="0">
  <testcase classname="cucumber.TestNGTestRunner" name="runScenario" time="20.733"/>
</testsuite> <!-- cucumber.TestNGTestRunner -->
