<?xml version="1.0" encoding="UTF-8"?>
<!-- Generated by org.testng.reporters.JUnitReportReporter -->
<testsuite hostname="Shamanth" failures="0" tests="2" name="masudeokarwork.SeleniumFrameworkDesign.ErrorValidationTest" time="15.012" errors="0" timestamp="2024-01-27T13:31:25 IST" skipped="0">
  <testcase classname="masudeokarwork.SeleniumFrameworkDesign.ErrorValidationTest" name="productErrorValidation" time="9.213"/>
  <testcase classname="masudeokarwork.SeleniumFrameworkDesign.ErrorValidationTest" name="LoginErrorValidation" time="5.799"/>
</testsuite> <!-- masudeokarwork.SeleniumFrameworkDesign.ErrorValidationTest -->
