<?xml version="1.0" encoding="UTF-8"?>
<!-- Generated by org.testng.reporters.JUnitReportReporter -->
<testsuite hostname="Shamanth" failures="0" tests="3" name="masudeokarwork.SeleniumFrameworkDesign.SubmitOrderTestThree" time="52.768" errors="0" timestamp="2024-01-23T14:22:21 IST" skipped="0">
  <testcase classname="masudeokarwork.SeleniumFrameworkDesign.SubmitOrderTestThree" name="SubmitOrder" time="22.231"/>
  <system-out/>
  <testcase classname="masudeokarwork.SeleniumFrameworkDesign.SubmitOrderTestThree" name="orderHistoryTest" time="6.502"/>
  <system-out/>
  <testcase classname="masudeokarwork.SeleniumFrameworkDesign.SubmitOrderTestThree" name="SubmitOrder" time="24.035"/>
  <system-out/>
</testsuite> <!-- masudeokarwork.SeleniumFrameworkDesign.SubmitOrderTestThree -->
