<?xml version="1.0" encoding="UTF-8"?>
<!-- Generated by org.testng.reporters.JUnitReportReporter -->
<testsuite hostname="Shamanth" failures="0" tests="3" name="masudeokarwork.SeleniumFrameworkDesign.SubmitOrderTest" time="44.390" errors="0" timestamp="2024-01-23T21:45:22 IST" skipped="0">
  <testcase classname="masudeokarwork.SeleniumFrameworkDesign.SubmitOrderTest" name="SubmitOrder" time="20.219"/>
  <system-out/>
  <testcase classname="masudeokarwork.SeleniumFrameworkDesign.SubmitOrderTest" name="orderHistoryTest" time="4.656"/>
  <system-out/>
  <testcase classname="masudeokarwork.SeleniumFrameworkDesign.SubmitOrderTest" name="SubmitOrder" time="19.515"/>
  <system-out/>
</testsuite> <!-- masudeokarwork.SeleniumFrameworkDesign.SubmitOrderTest -->
