<?xml version="1.0" encoding="UTF-8"?>
<!-- Generated by org.testng.reporters.JUnitReportReporter -->
<testsuite hostname="Shamanth" failures="0" tests="2" name="cucumber.TestNGTestRunner" time="30.931" errors="0" timestamp="2024-01-28T21:24:08 IST" skipped="0">
  <testcase classname="cucumber.TestNGTestRunner" name="runScenario" time="24.932"/>
  <testcase classname="cucumber.TestNGTestRunner" name="runScenario" time="5.999"/>
</testsuite> <!-- cucumber.TestNGTestRunner -->
