<?xml version="1.0" encoding="UTF-8"?>
<!-- Generated by org.testng.reporters.JUnitReportReporter -->
<testsuite hostname="Shamanth" failures="0" tests="3" name="masudeokarwork.SeleniumFrameworkDesign.SubmitOrderTest" time="41.482" errors="0" timestamp="2024-01-25T14:16:15 IST" skipped="0">
  <testcase classname="masudeokarwork.SeleniumFrameworkDesign.SubmitOrderTest" name="orderHistoryTest" time="3.642"/>
  <testcase classname="masudeokarwork.SeleniumFrameworkDesign.SubmitOrderTest" name="SubmitOrder" time="18.817"/>
  <testcase classname="masudeokarwork.SeleniumFrameworkDesign.SubmitOrderTest" name="SubmitOrder" time="19.023"/>
</testsuite> <!-- masudeokarwork.SeleniumFrameworkDesign.SubmitOrderTest -->
