<?xml version="1.0" encoding="UTF-8"?>
<!-- Generated by org.testng.reporters.JUnitReportReporter -->
<testsuite hostname="Shamanth" failures="0" tests="3" name="masudeokarwork.SeleniumFrameworkDesign.SubmitOrderTestThree" time="39.672" errors="0" timestamp="2024-01-25T14:35:27 IST" skipped="0">
  <testcase classname="masudeokarwork.SeleniumFrameworkDesign.SubmitOrderTestThree" name="SubmitOrder" time="18.498"/>
  <testcase classname="masudeokarwork.SeleniumFrameworkDesign.SubmitOrderTestThree" name="SubmitOrder" time="18.806"/>
  <testcase classname="masudeokarwork.SeleniumFrameworkDesign.SubmitOrderTestThree" name="orderHistoryTest" time="2.368"/>
</testsuite> <!-- masudeokarwork.SeleniumFrameworkDesign.SubmitOrderTestThree -->
