<?xml version="1.0" encoding="UTF-8"?>
<!-- Generated by org.testng.reporters.JUnitReportReporter -->
<testsuite hostname="Shamanth" failures="0" tests="2" name="cucumber.TestNGTestRunner" time="28.676" errors="0" timestamp="2024-01-27T19:19:47 IST" skipped="0">
  <testcase classname="cucumber.TestNGTestRunner" name="runScenario" time="22.182"/>
  <testcase classname="cucumber.TestNGTestRunner" name="runScenario" time="6.494"/>
</testsuite> <!-- cucumber.TestNGTestRunner -->
