<?xml version="1.0" encoding="UTF-8"?>
<!-- Generated by org.testng.reporters.JUnitReportReporter -->
<testsuite hostname="Shamanth" failures="0" tests="2" name="masudeokarwork.SeleniumFrameworkDesign.SubmitOrderTestTwo" time="38.897" errors="0" timestamp="2024-01-28T17:33:13 IST" skipped="0">
  <testcase classname="masudeokarwork.SeleniumFrameworkDesign.SubmitOrderTestTwo" name="SubmitOrder" time="18.590"/>
  <testcase classname="masudeokarwork.SeleniumFrameworkDesign.SubmitOrderTestTwo" name="SubmitOrder" time="20.307"/>
</testsuite> <!-- masudeokarwork.SeleniumFrameworkDesign.SubmitOrderTestTwo -->
