<?xml version="1.0" encoding="UTF-8"?>
<!-- Generated by org.testng.reporters.JUnitReportReporter -->
<testsuite hostname="Shamanth" failures="0" tests="2" name="masudeokarwork.SeleniumFrameworkDesign.SubmitOrderTestThree" time="38.774" errors="0" timestamp="2024-01-24T15:24:52 IST" skipped="0">
  <testcase classname="masudeokarwork.SeleniumFrameworkDesign.SubmitOrderTestThree" name="SubmitOrder" time="18.429"/>
  <system-out/>
  <testcase classname="masudeokarwork.SeleniumFrameworkDesign.SubmitOrderTestThree" name="SubmitOrder" time="20.345"/>
  <system-out/>
</testsuite> <!-- masudeokarwork.SeleniumFrameworkDesign.SubmitOrderTestThree -->
