<?xml version="1.0" encoding="UTF-8"?>
<!-- Generated by org.testng.reporters.JUnitReportReporter -->
<testsuite hostname="Shamanth" failures="0" tests="1" name="masudeokarwork.SeleniumFrameworkDesign.SubmitOrderTest" time="24.001" errors="0" timestamp="2024-01-22T10:12:15 IST" skipped="0">
  <testcase classname="masudeokarwork.SeleniumFrameworkDesign.SubmitOrderTest" name="SubmitOrder" time="24.001"/>
  <system-out/>
</testsuite> <!-- masudeokarwork.SeleniumFrameworkDesign.SubmitOrderTest -->
