<?xml version="1.0" encoding="UTF-8"?>
<!-- Generated by org.testng.reporters.JUnitReportReporter -->
<testsuite hostname="Shamanth" failures="0" tests="3" name="masudeokarwork.SeleniumFrameworkDesign.SubmitOrderTest" time="44.556" errors="0" timestamp="2024-01-24T17:22:28 IST" skipped="0">
  <testcase classname="masudeokarwork.SeleniumFrameworkDesign.SubmitOrderTest" name="SubmitOrder" time="19.763"/>
  <system-out/>
  <testcase classname="masudeokarwork.SeleniumFrameworkDesign.SubmitOrderTest" name="SubmitOrder" time="17.803"/>
  <system-out/>
  <testcase classname="masudeokarwork.SeleniumFrameworkDesign.SubmitOrderTest" name="orderHistoryTest" time="6.990"/>
  <system-out/>
</testsuite> <!-- masudeokarwork.SeleniumFrameworkDesign.SubmitOrderTest -->
