<?xml version="1.0" encoding="UTF-8"?>
<!-- Generated by org.testng.reporters.JUnitReportReporter -->
<testsuite hostname="Shamanth" failures="0" tests="3" name="masudeokarwork.SeleniumFrameworkDesign.SubmitOrderTest" time="50.764" errors="0" timestamp="2024-01-27T11:38:22 IST" skipped="0">
  <testcase classname="masudeokarwork.SeleniumFrameworkDesign.SubmitOrderTest" name="SubmitOrder" time="23.168"/>
  <testcase classname="masudeokarwork.SeleniumFrameworkDesign.SubmitOrderTest" name="SubmitOrder" time="22.837"/>
  <testcase classname="masudeokarwork.SeleniumFrameworkDesign.SubmitOrderTest" name="orderHistoryTest" time="4.759"/>
</testsuite> <!-- masudeokarwork.SeleniumFrameworkDesign.SubmitOrderTest -->
