<?xml version="1.0" encoding="UTF-8"?>
<!-- Generated by org.testng.reporters.JUnitReportReporter -->
<testsuite hostname="Shamanth" failures="0" tests="2" name="masudeokarwork.SeleniumFrameworkDesign.SubmitOrderTestTwo" time="39.271" errors="0" timestamp="2024-01-24T18:47:20 IST" skipped="0">
  <testcase classname="masudeokarwork.SeleniumFrameworkDesign.SubmitOrderTestTwo" name="SubmitOrder" time="19.633"/>
  <testcase classname="masudeokarwork.SeleniumFrameworkDesign.SubmitOrderTestTwo" name="SubmitOrder" time="19.638"/>
</testsuite> <!-- masudeokarwork.SeleniumFrameworkDesign.SubmitOrderTestTwo -->
