<?xml version="1.0" encoding="UTF-8"?>
<!-- Generated by org.testng.reporters.JUnitReportReporter -->
<testsuite hostname="Shamanth" failures="0" tests="1" name="masudeokarwork.SeleniumFrameworkDesign.ErrorValidationTest" time="8.969" errors="0" timestamp="2024-01-28T22:58:34 IST" skipped="0">
  <testcase classname="masudeokarwork.SeleniumFrameworkDesign.ErrorValidationTest" name="LoginErrorValidation" time="8.969"/>
</testsuite> <!-- masudeokarwork.SeleniumFrameworkDesign.ErrorValidationTest -->
