<?xml version="1.0" encoding="UTF-8"?>
<!-- Generated by org.testng.reporters.JUnitReportReporter -->
<testsuite hostname="Shamanth" failures="0" tests="2" name="cucumber.TestNGTestRunner" time="29.831" errors="0" timestamp="2024-01-27T22:36:56 IST" skipped="0">
  <testcase classname="cucumber.TestNGTestRunner" name="runScenario" time="23.238"/>
  <testcase classname="cucumber.TestNGTestRunner" name="runScenario" time="6.593"/>
</testsuite> <!-- cucumber.TestNGTestRunner -->
