<?xml version="1.0" encoding="UTF-8"?>
<!-- Generated by org.testng.reporters.JUnitReportReporter -->
<testsuite hostname="Shamanth" failures="0" tests="2" name="masudeokarwork.SeleniumFrameworkDesign.ErrorValidationTest" time="11.528" errors="0" timestamp="2024-01-27T23:09:45 IST" skipped="0">
  <testcase classname="masudeokarwork.SeleniumFrameworkDesign.ErrorValidationTest" name="productErrorValidation" time="6.684"/>
  <testcase classname="masudeokarwork.SeleniumFrameworkDesign.ErrorValidationTest" name="LoginErrorValidation" time="4.844"/>
</testsuite> <!-- masudeokarwork.SeleniumFrameworkDesign.ErrorValidationTest -->
