<?xml version="1.0" encoding="UTF-8"?>
<!-- Generated by org.testng.reporters.JUnitReportReporter -->
<testsuite hostname="Shamanth" failures="0" tests="2" name="masudeokarwork.SeleniumFrameworkDesign.SubmitOrderTestThree" time="38.286" errors="0" timestamp="2024-01-24T18:52:04 IST" skipped="0">
  <testcase classname="masudeokarwork.SeleniumFrameworkDesign.SubmitOrderTestThree" name="SubmitOrder" time="18.530"/>
  <testcase classname="masudeokarwork.SeleniumFrameworkDesign.SubmitOrderTestThree" name="SubmitOrder" time="19.756"/>
</testsuite> <!-- masudeokarwork.SeleniumFrameworkDesign.SubmitOrderTestThree -->
