<?xml version="1.0" encoding="UTF-8"?>
<!-- Generated by org.testng.reporters.JUnitReportReporter -->
<testsuite hostname="Shamanth" failures="0" tests="2" name="masudeokarwork.SeleniumFrameworkDesign.ErrorValidationTest" time="29.682" errors="0" timestamp="2024-01-31T23:00:49 IST" skipped="0">
  <testcase classname="masudeokarwork.SeleniumFrameworkDesign.ErrorValidationTest" name="LoginErrorValidation" time="3.464"/>
  <testcase classname="masudeokarwork.SeleniumFrameworkDesign.ErrorValidationTest" name="productErrorValidation" time="26.218"/>
</testsuite> <!-- masudeokarwork.SeleniumFrameworkDesign.ErrorValidationTest -->
