<?xml version="1.0" encoding="UTF-8"?>
<!-- Generated by org.testng.reporters.JUnitReportReporter -->
<testsuite hostname="Shamanth" failures="0" tests="2" name="masudeokarwork.SeleniumFrameworkDesign.ErrorValidationTest" time="23.964" errors="0" timestamp="2024-01-28T18:47:37 IST" skipped="0">
  <testcase classname="masudeokarwork.SeleniumFrameworkDesign.ErrorValidationTest" name="productErrorValidation" time="19.880"/>
  <testcase classname="masudeokarwork.SeleniumFrameworkDesign.ErrorValidationTest" name="LoginErrorValidation" time="4.084"/>
</testsuite> <!-- masudeokarwork.SeleniumFrameworkDesign.ErrorValidationTest -->
