<?xml version="1.0" encoding="UTF-8"?>
<!-- Generated by org.testng.reporters.JUnitReportReporter -->
<testsuite hostname="Shamanth" failures="0" tests="2" name="masudeokarwork.SeleniumFrameworkDesign.SubmitOrderTestTwo" time="41.956" errors="0" timestamp="2024-01-25T08:04:13 IST" skipped="0">
  <testcase classname="masudeokarwork.SeleniumFrameworkDesign.SubmitOrderTestTwo" name="SubmitOrder" time="22.385"/>
  <testcase classname="masudeokarwork.SeleniumFrameworkDesign.SubmitOrderTestTwo" name="SubmitOrder" time="19.571"/>
</testsuite> <!-- masudeokarwork.SeleniumFrameworkDesign.SubmitOrderTestTwo -->
